<?xml version="1.0" encoding="UTF-8"?>
<!-- Generated by org.testng.reporters.JUnitReportReporter -->
<testsuite hostname="Sherry" failures="0" tests="1" name="testCases.firstpackage.SecondTestClass" time="0.001" errors="0" timestamp="2021-04-09T22:56:58 IST" skipped="0">
  <testcase classname="testCases.firstpackage.SecondTestClass" name="secondTest" time="0.001"/>
  <system-out/>
</testsuite> <!-- testCases.firstpackage.SecondTestClass -->
