<?xml version="1.0" encoding="UTF-8"?>
<!-- Generated by org.testng.reporters.JUnitReportReporter -->
<testsuite hostname="Sherry" failures="0" tests="1" name="testCases.firstpackage.FirstTestClass" time="0.024" errors="0" timestamp="2021-04-09T22:56:58 IST" skipped="0">
  <testcase classname="testCases.firstpackage.FirstTestClass" name="firstTest" time="0.024"/>
  <system-out/>
</testsuite> <!-- testCases.firstpackage.FirstTestClass -->
